<?xml version="1.0" encoding="UTF-8"?>
<testng-results skipped="0" failed="0" ignored="0" total="1" passed="1">
  <reporter-output>
  </reporter-output>
  <suite name="Default suite" duration-ms="33875" started-at="2018-07-17T14:14:47Z" finished-at="2018-07-17T14:15:20Z">
    <groups>
    </groups>
    <test name="Default test" duration-ms="33875" started-at="2018-07-17T14:14:47Z" finished-at="2018-07-17T14:15:20Z">
      <class name="com.accenture.TestCalculatorF.TestCalculadora">
        <test-method status="PASS" signature="setUpAppium()[pri:0, instance:com.accenture.TestCalculatorF.TestCalculadora@481a15ff]" name="setUpAppium" is-config="true" duration-ms="25731" started-at="2018-07-17T14:14:47Z" finished-at="2018-07-17T14:15:12Z">
          <reporter-output>
          </reporter-output>
        </test-method> <!-- setUpAppium -->
        <test-method status="PASS" signature="mytest()[pri:0, instance:com.accenture.TestCalculatorF.TestCalculadora@481a15ff]" name="mytest" duration-ms="4591" started-at="2018-07-17T14:15:12Z" finished-at="2018-07-17T14:15:17Z">
          <reporter-output>
          </reporter-output>
        </test-method> <!-- mytest -->
        <test-method status="PASS" signature="CleanUpAppium()[pri:0, instance:com.accenture.TestCalculatorF.TestCalculadora@481a15ff]" name="CleanUpAppium" is-config="true" duration-ms="3504" started-at="2018-07-17T14:15:17Z" finished-at="2018-07-17T14:15:20Z">
          <reporter-output>
          </reporter-output>
        </test-method> <!-- CleanUpAppium -->
      </class> <!-- com.accenture.TestCalculatorF.TestCalculadora -->
    </test> <!-- Default test -->
  </suite> <!-- Default suite -->
</testng-results>
