<?xml version="1.0" encoding="UTF-8"?>
<testng-results skipped="0" failed="0" ignored="0" total="1" passed="1">
  <reporter-output>
  </reporter-output>
  <suite name="Default suite" duration-ms="45111" started-at="2018-07-17T13:39:11Z" finished-at="2018-07-17T13:39:56Z">
    <groups>
    </groups>
    <test name="Default test" duration-ms="45111" started-at="2018-07-17T13:39:11Z" finished-at="2018-07-17T13:39:56Z">
      <class name="com.accenture.TestCalculatorF.TestCalculadora">
        <test-method status="PASS" signature="setUpAppium()[pri:0, instance:com.accenture.TestCalculatorF.TestCalculadora@481a15ff]" name="setUpAppium" is-config="true" duration-ms="33105" started-at="2018-07-17T13:39:11Z" finished-at="2018-07-17T13:39:44Z">
          <reporter-output>
          </reporter-output>
        </test-method> <!-- setUpAppium -->
        <test-method status="PASS" signature="mytest()[pri:0, instance:com.accenture.TestCalculatorF.TestCalculadora@481a15ff]" name="mytest" duration-ms="9010" started-at="2018-07-17T13:39:44Z" finished-at="2018-07-17T13:39:53Z">
          <reporter-output>
          </reporter-output>
        </test-method> <!-- mytest -->
        <test-method status="PASS" signature="CleanUpAppium()[pri:0, instance:com.accenture.TestCalculatorF.TestCalculadora@481a15ff]" name="CleanUpAppium" is-config="true" duration-ms="2960" started-at="2018-07-17T13:39:53Z" finished-at="2018-07-17T13:39:56Z">
          <reporter-output>
          </reporter-output>
        </test-method> <!-- CleanUpAppium -->
      </class> <!-- com.accenture.TestCalculatorF.TestCalculadora -->
    </test> <!-- Default test -->
  </suite> <!-- Default suite -->
</testng-results>
